{"/Users/cuongnv/SourceCode/Typescript-Demo/dist/entity/company-entity.js": {"path":"/Users/cuongnv/SourceCode/Typescript-Demo/dist/entity/company-entity.js","statementMap":{"0":{"start":{"line":2,"column":17},"end":{"line":7,"column":1}},"1":{"start":{"line":3,"column":12},"end":{"line":3,"column":28}},"2":{"start":{"line":3,"column":34},"end":{"line":3,"column":125}},"3":{"start":{"line":4,"column":4},"end":{"line":5,"column":150}},"4":{"start":{"line":4,"column":79},"end":{"line":4,"column":131}},"5":{"start":{"line":5,"column":9},"end":{"line":5,"column":150}},"6":{"start":{"line":5,"column":58},"end":{"line":5,"column":150}},"7":{"start":{"line":5,"column":81},"end":{"line":5,"column":150}},"8":{"start":{"line":6,"column":4},"end":{"line":6,"column":66}},"9":{"start":{"line":8,"column":17},"end":{"line":10,"column":1}},"10":{"start":{"line":9,"column":4},"end":{"line":9,"column":109}},"11":{"start":{"line":9,"column":79},"end":{"line":9,"column":109}},"12":{"start":{"line":11,"column":0},"end":{"line":11,"column":62}},"13":{"start":{"line":12,"column":18},"end":{"line":12,"column":36}},"14":{"start":{"line":13,"column":22},"end":{"line":13,"column":46}},"15":{"start":{"line":14,"column":20},"end":{"line":15,"column":1}},"16":{"start":{"line":16,"column":0},"end":{"line":19,"column":49}},"17":{"start":{"line":20,"column":0},"end":{"line":25,"column":45}},"18":{"start":{"line":26,"column":0},"end":{"line":31,"column":44}},"19":{"start":{"line":32,"column":0},"end":{"line":37,"column":51}},"20":{"start":{"line":38,"column":0},"end":{"line":41,"column":45}},"21":{"start":{"line":39,"column":32},"end":{"line":39,"column":56}},"22":{"start":{"line":39,"column":66},"end":{"line":39,"column":80}},"23":{"start":{"line":42,"column":0},"end":{"line":44,"column":18}},"24":{"start":{"line":45,"column":0},"end":{"line":45,"column":38}}},"fnMap":{"0":{"name":"(anonymous_0)","decl":{"start":{"line":2,"column":46},"end":{"line":2,"column":47}},"loc":{"start":{"line":2,"column":87},"end":{"line":7,"column":1}},"line":2},"1":{"name":"(anonymous_1)","decl":{"start":{"line":8,"column":46},"end":{"line":8,"column":47}},"loc":{"start":{"line":8,"column":62},"end":{"line":10,"column":1}},"line":8},"2":{"name":"(anonymous_2)","decl":{"start":{"line":39,"column":24},"end":{"line":39,"column":25}},"loc":{"start":{"line":39,"column":32},"end":{"line":39,"column":56}},"line":39},"3":{"name":"(anonymous_3)","decl":{"start":{"line":39,"column":58},"end":{"line":39,"column":59}},"loc":{"start":{"line":39,"column":66},"end":{"line":39,"column":80}},"line":39}},"branchMap":{"0":{"loc":{"start":{"line":2,"column":17},"end":{"line":7,"column":1}},"type":"binary-expr","locations":[{"start":{"line":2,"column":18},"end":{"line":2,"column":22}},{"start":{"line":2,"column":26},"end":{"line":2,"column":41}},{"start":{"line":2,"column":46},"end":{"line":7,"column":1}}],"line":2},"1":{"loc":{"start":{"line":3,"column":34},"end":{"line":3,"column":125}},"type":"cond-expr","locations":[{"start":{"line":3,"column":42},"end":{"line":3,"column":48}},{"start":{"line":3,"column":51},"end":{"line":3,"column":125}}],"line":3},"2":{"loc":{"start":{"line":3,"column":51},"end":{"line":3,"column":125}},"type":"cond-expr","locations":[{"start":{"line":3,"column":67},"end":{"line":3,"column":118}},{"start":{"line":3,"column":121},"end":{"line":3,"column":125}}],"line":3},"3":{"loc":{"start":{"line":4,"column":4},"end":{"line":5,"column":150}},"type":"if","locations":[{"start":{"line":4,"column":4},"end":{"line":5,"column":150}},{"start":{"line":4,"column":4},"end":{"line":5,"column":150}}],"line":4},"4":{"loc":{"start":{"line":4,"column":8},"end":{"line":4,"column":77}},"type":"binary-expr","locations":[{"start":{"line":4,"column":8},"end":{"line":4,"column":35}},{"start":{"line":4,"column":39},"end":{"line":4,"column":77}}],"line":4},"5":{"loc":{"start":{"line":5,"column":58},"end":{"line":5,"column":150}},"type":"if","locations":[{"start":{"line":5,"column":58},"end":{"line":5,"column":150}},{"start":{"line":5,"column":58},"end":{"line":5,"column":150}}],"line":5},"6":{"loc":{"start":{"line":5,"column":85},"end":{"line":5,"column":149}},"type":"binary-expr","locations":[{"start":{"line":5,"column":86},"end":{"line":5,"column":143}},{"start":{"line":5,"column":148},"end":{"line":5,"column":149}}],"line":5},"7":{"loc":{"start":{"line":5,"column":86},"end":{"line":5,"column":143}},"type":"cond-expr","locations":[{"start":{"line":5,"column":94},"end":{"line":5,"column":98}},{"start":{"line":5,"column":101},"end":{"line":5,"column":143}}],"line":5},"8":{"loc":{"start":{"line":5,"column":101},"end":{"line":5,"column":143}},"type":"cond-expr","locations":[{"start":{"line":5,"column":109},"end":{"line":5,"column":126}},{"start":{"line":5,"column":129},"end":{"line":5,"column":143}}],"line":5},"9":{"loc":{"start":{"line":6,"column":11},"end":{"line":6,"column":62}},"type":"binary-expr","locations":[{"start":{"line":6,"column":11},"end":{"line":6,"column":16}},{"start":{"line":6,"column":20},"end":{"line":6,"column":21}},{"start":{"line":6,"column":25},"end":{"line":6,"column":62}}],"line":6},"10":{"loc":{"start":{"line":8,"column":17},"end":{"line":10,"column":1}},"type":"binary-expr","locations":[{"start":{"line":8,"column":18},"end":{"line":8,"column":22}},{"start":{"line":8,"column":26},"end":{"line":8,"column":41}},{"start":{"line":8,"column":46},"end":{"line":10,"column":1}}],"line":8},"11":{"loc":{"start":{"line":9,"column":4},"end":{"line":9,"column":109}},"type":"if","locations":[{"start":{"line":9,"column":4},"end":{"line":9,"column":109}},{"start":{"line":9,"column":4},"end":{"line":9,"column":109}}],"line":9},"12":{"loc":{"start":{"line":9,"column":8},"end":{"line":9,"column":77}},"type":"binary-expr","locations":[{"start":{"line":9,"column":8},"end":{"line":9,"column":35}},{"start":{"line":9,"column":39},"end":{"line":9,"column":77}}],"line":9}},"s":{"0":1,"1":6,"2":6,"3":6,"4":6,"5":0,"6":0,"7":0,"8":6,"9":1,"10":5,"11":5,"12":1,"13":1,"14":1,"15":1,"16":1,"17":1,"18":1,"19":1,"20":1,"21":1,"22":1,"23":1,"24":1},"f":{"0":6,"1":5,"2":1,"3":1},"b":{"0":[1,1,1],"1":[1,5],"2":[0,5],"3":[6,0],"4":[6,6],"5":[0,0],"6":[0,0],"7":[0,0],"8":[0,0],"9":[6,5,0],"10":[1,1,1],"11":[5,0],"12":[5,5]},"_coverageSchema":"332fd63041d2c1bcb487cc26dd0d5f7d97098a6c","hash":"5b2e0884279caa5c6a1a69289ce232060be5f303"}
,"/Users/cuongnv/SourceCode/Typescript-Demo/dist/entity/user-entity.js": {"path":"/Users/cuongnv/SourceCode/Typescript-Demo/dist/entity/user-entity.js","statementMap":{"0":{"start":{"line":2,"column":17},"end":{"line":7,"column":1}},"1":{"start":{"line":3,"column":12},"end":{"line":3,"column":28}},"2":{"start":{"line":3,"column":34},"end":{"line":3,"column":125}},"3":{"start":{"line":4,"column":4},"end":{"line":5,"column":150}},"4":{"start":{"line":4,"column":79},"end":{"line":4,"column":131}},"5":{"start":{"line":5,"column":9},"end":{"line":5,"column":150}},"6":{"start":{"line":5,"column":58},"end":{"line":5,"column":150}},"7":{"start":{"line":5,"column":81},"end":{"line":5,"column":150}},"8":{"start":{"line":6,"column":4},"end":{"line":6,"column":66}},"9":{"start":{"line":8,"column":17},"end":{"line":10,"column":1}},"10":{"start":{"line":9,"column":4},"end":{"line":9,"column":109}},"11":{"start":{"line":9,"column":79},"end":{"line":9,"column":109}},"12":{"start":{"line":11,"column":0},"end":{"line":11,"column":62}},"13":{"start":{"line":12,"column":18},"end":{"line":12,"column":36}},"14":{"start":{"line":13,"column":25},"end":{"line":13,"column":52}},"15":{"start":{"line":14,"column":17},"end":{"line":15,"column":1}},"16":{"start":{"line":16,"column":0},"end":{"line":19,"column":43}},"17":{"start":{"line":20,"column":0},"end":{"line":23,"column":46}},"18":{"start":{"line":21,"column":32},"end":{"line":21,"column":62}},"19":{"start":{"line":21,"column":75},"end":{"line":21,"column":88}},"20":{"start":{"line":24,"column":0},"end":{"line":29,"column":46}},"21":{"start":{"line":30,"column":0},"end":{"line":35,"column":45}},"22":{"start":{"line":36,"column":0},"end":{"line":41,"column":42}},"23":{"start":{"line":42,"column":0},"end":{"line":47,"column":45}},"24":{"start":{"line":48,"column":0},"end":{"line":50,"column":15}},"25":{"start":{"line":51,"column":0},"end":{"line":51,"column":32}}},"fnMap":{"0":{"name":"(anonymous_0)","decl":{"start":{"line":2,"column":46},"end":{"line":2,"column":47}},"loc":{"start":{"line":2,"column":87},"end":{"line":7,"column":1}},"line":2},"1":{"name":"(anonymous_1)","decl":{"start":{"line":8,"column":46},"end":{"line":8,"column":47}},"loc":{"start":{"line":8,"column":62},"end":{"line":10,"column":1}},"line":8},"2":{"name":"(anonymous_2)","decl":{"start":{"line":21,"column":24},"end":{"line":21,"column":25}},"loc":{"start":{"line":21,"column":32},"end":{"line":21,"column":62}},"line":21},"3":{"name":"(anonymous_3)","decl":{"start":{"line":21,"column":64},"end":{"line":21,"column":65}},"loc":{"start":{"line":21,"column":75},"end":{"line":21,"column":88}},"line":21}},"branchMap":{"0":{"loc":{"start":{"line":2,"column":17},"end":{"line":7,"column":1}},"type":"binary-expr","locations":[{"start":{"line":2,"column":18},"end":{"line":2,"column":22}},{"start":{"line":2,"column":26},"end":{"line":2,"column":41}},{"start":{"line":2,"column":46},"end":{"line":7,"column":1}}],"line":2},"1":{"loc":{"start":{"line":3,"column":34},"end":{"line":3,"column":125}},"type":"cond-expr","locations":[{"start":{"line":3,"column":42},"end":{"line":3,"column":48}},{"start":{"line":3,"column":51},"end":{"line":3,"column":125}}],"line":3},"2":{"loc":{"start":{"line":3,"column":51},"end":{"line":3,"column":125}},"type":"cond-expr","locations":[{"start":{"line":3,"column":67},"end":{"line":3,"column":118}},{"start":{"line":3,"column":121},"end":{"line":3,"column":125}}],"line":3},"3":{"loc":{"start":{"line":4,"column":4},"end":{"line":5,"column":150}},"type":"if","locations":[{"start":{"line":4,"column":4},"end":{"line":5,"column":150}},{"start":{"line":4,"column":4},"end":{"line":5,"column":150}}],"line":4},"4":{"loc":{"start":{"line":4,"column":8},"end":{"line":4,"column":77}},"type":"binary-expr","locations":[{"start":{"line":4,"column":8},"end":{"line":4,"column":35}},{"start":{"line":4,"column":39},"end":{"line":4,"column":77}}],"line":4},"5":{"loc":{"start":{"line":5,"column":58},"end":{"line":5,"column":150}},"type":"if","locations":[{"start":{"line":5,"column":58},"end":{"line":5,"column":150}},{"start":{"line":5,"column":58},"end":{"line":5,"column":150}}],"line":5},"6":{"loc":{"start":{"line":5,"column":85},"end":{"line":5,"column":149}},"type":"binary-expr","locations":[{"start":{"line":5,"column":86},"end":{"line":5,"column":143}},{"start":{"line":5,"column":148},"end":{"line":5,"column":149}}],"line":5},"7":{"loc":{"start":{"line":5,"column":86},"end":{"line":5,"column":143}},"type":"cond-expr","locations":[{"start":{"line":5,"column":94},"end":{"line":5,"column":98}},{"start":{"line":5,"column":101},"end":{"line":5,"column":143}}],"line":5},"8":{"loc":{"start":{"line":5,"column":101},"end":{"line":5,"column":143}},"type":"cond-expr","locations":[{"start":{"line":5,"column":109},"end":{"line":5,"column":126}},{"start":{"line":5,"column":129},"end":{"line":5,"column":143}}],"line":5},"9":{"loc":{"start":{"line":6,"column":11},"end":{"line":6,"column":62}},"type":"binary-expr","locations":[{"start":{"line":6,"column":11},"end":{"line":6,"column":16}},{"start":{"line":6,"column":20},"end":{"line":6,"column":21}},{"start":{"line":6,"column":25},"end":{"line":6,"column":62}}],"line":6},"10":{"loc":{"start":{"line":8,"column":17},"end":{"line":10,"column":1}},"type":"binary-expr","locations":[{"start":{"line":8,"column":18},"end":{"line":8,"column":22}},{"start":{"line":8,"column":26},"end":{"line":8,"column":41}},{"start":{"line":8,"column":46},"end":{"line":10,"column":1}}],"line":8},"11":{"loc":{"start":{"line":9,"column":4},"end":{"line":9,"column":109}},"type":"if","locations":[{"start":{"line":9,"column":4},"end":{"line":9,"column":109}},{"start":{"line":9,"column":4},"end":{"line":9,"column":109}}],"line":9},"12":{"loc":{"start":{"line":9,"column":8},"end":{"line":9,"column":77}},"type":"binary-expr","locations":[{"start":{"line":9,"column":8},"end":{"line":9,"column":35}},{"start":{"line":9,"column":39},"end":{"line":9,"column":77}}],"line":9}},"s":{"0":1,"1":7,"2":7,"3":7,"4":7,"5":0,"6":0,"7":0,"8":7,"9":1,"10":6,"11":6,"12":1,"13":1,"14":1,"15":1,"16":1,"17":1,"18":1,"19":1,"20":1,"21":1,"22":1,"23":1,"24":1,"25":1},"f":{"0":7,"1":6,"2":1,"3":1},"b":{"0":[1,1,1],"1":[1,6],"2":[0,6],"3":[7,0],"4":[7,7],"5":[0,0],"6":[0,0],"7":[0,0],"8":[0,0],"9":[7,6,0],"10":[1,1,1],"11":[6,0],"12":[6,6]},"_coverageSchema":"332fd63041d2c1bcb487cc26dd0d5f7d97098a6c","hash":"29a8cf960fbd755096ecf628408a3ad5839221d7"}
,"/Users/cuongnv/SourceCode/Typescript-Demo/src/app.ts": {"path":"/Users/cuongnv/SourceCode/Typescript-Demo/src/app.ts","statementMap":{"0":{"start":{"line":1,"column":0},"end":{"line":1,"column":27}},"1":{"start":{"line":3,"column":0},"end":{"line":3,"column":32}},"2":{"start":{"line":5,"column":0},"end":{"line":5,"column":47}},"3":{"start":{"line":6,"column":0},"end":{"line":6,"column":39}},"4":{"start":{"line":7,"column":0},"end":{"line":7,"column":41}},"5":{"start":{"line":8,"column":0},"end":{"line":8,"column":26}},"6":{"start":{"line":9,"column":0},"end":{"line":9,"column":42}},"7":{"start":{"line":13,"column":0},"end":{"line":13,"column":38}},"8":{"start":{"line":18,"column":12},"end":{"line":18,"column":21}},"9":{"start":{"line":21,"column":12},"end":{"line":29,"column":2}},"10":{"start":{"line":26,"column":6},"end":{"line":26,"column":36}},"11":{"start":{"line":33,"column":0},"end":{"line":33,"column":37}},"12":{"start":{"line":34,"column":0},"end":{"line":34,"column":37}},"13":{"start":{"line":36,"column":0},"end":{"line":36,"column":27}},"14":{"start":{"line":37,"column":0},"end":{"line":37,"column":49}},"15":{"start":{"line":42,"column":0},"end":{"line":42,"column":21}},"16":{"start":{"line":47,"column":0},"end":{"line":47,"column":42}},"17":{"start":{"line":52,"column":0},"end":{"line":55,"column":3}},"18":{"start":{"line":53,"column":2},"end":{"line":53,"column":103}},"19":{"start":{"line":54,"column":2},"end":{"line":54,"column":42}},"20":{"start":{"line":59,"column":0},"end":{"line":61,"column":69}},"21":{"start":{"line":59,"column":43},"end":{"line":61,"column":2}},"22":{"start":{"line":60,"column":2},"end":{"line":60,"column":33}},"23":{"start":{"line":61,"column":19},"end":{"line":61,"column":67}},"24":{"start":{"line":71,"column":0},"end":{"line":71,"column":21}}},"fnMap":{"0":{"name":"(anonymous_8)","decl":{"start":{"line":25,"column":19},"end":{"line":25,"column":20}},"loc":{"start":{"line":25,"column":36},"end":{"line":27,"column":5}}},"1":{"name":"(anonymous_9)","decl":{"start":{"line":52,"column":28},"end":{"line":52,"column":30}},"loc":{"start":{"line":52,"column":33},"end":{"line":55,"column":1}}},"2":{"name":"(anonymous_10)","decl":{"start":{"line":59,"column":24},"end":{"line":59,"column":30}},"loc":{"start":{"line":59,"column":43},"end":{"line":61,"column":2}}},"3":{"name":"(anonymous_11)","decl":{"start":{"line":59,"column":43},"end":{"line":null,"column":-1}},"loc":{"start":{"line":59,"column":43},"end":{"line":61,"column":2}}},"4":{"name":"(anonymous_12)","decl":{"start":{"line":61,"column":10},"end":{"line":61,"column":14}},"loc":{"start":{"line":61,"column":19},"end":{"line":61,"column":67}}}},"branchMap":{"0":{"loc":{"start":{"line":47,"column":16},"end":{"line":47,"column":32}},"type":"binary-expr","locations":[{"start":{"line":47,"column":16},"end":{"line":47,"column":32}},{"start":{"line":47,"column":36},"end":{"line":47,"column":40}}]}},"s":{"0":1,"1":1,"2":1,"3":1,"4":1,"5":1,"6":1,"7":1,"8":1,"9":1,"10":0,"11":1,"12":1,"13":1,"14":1,"15":1,"16":1,"17":1,"18":1,"19":1,"20":1,"21":0,"22":0,"23":0,"24":1},"f":{"0":0,"1":1,"2":0,"3":0,"4":0},"b":{"0":[1,0]}}
,"/Users/cuongnv/SourceCode/Typescript-Demo/src/controllers/frontend-controller.ts": {"path":"/Users/cuongnv/SourceCode/Typescript-Demo/src/controllers/frontend-controller.ts","statementMap":{"0":{"start":{"line":5,"column":11},"end":{"line":10,"column":2}},"1":{"start":{"line":5,"column":57},"end":{"line":10,"column":1}},"2":{"start":{"line":6,"column":4},"end":{"line":9,"column":7}},"3":{"start":{"line":12,"column":11},"end":{"line":25,"column":2}},"4":{"start":{"line":12,"column":57},"end":{"line":25,"column":1}},"5":{"start":{"line":13,"column":4},"end":{"line":24,"column":5}},"6":{"start":{"line":14,"column":8},"end":{"line":18,"column":11}},"7":{"start":{"line":20,"column":8},"end":{"line":23,"column":11}}},"fnMap":{"0":{"name":"(anonymous_6)","decl":{"start":{"line":5,"column":19},"end":{"line":5,"column":26}},"loc":{"start":{"line":5,"column":57},"end":{"line":10,"column":1}}},"1":{"name":"(anonymous_7)","decl":{"start":{"line":5,"column":57},"end":{"line":null,"column":-1}},"loc":{"start":{"line":5,"column":57},"end":{"line":10,"column":1}}},"2":{"name":"(anonymous_8)","decl":{"start":{"line":12,"column":19},"end":{"line":12,"column":26}},"loc":{"start":{"line":12,"column":57},"end":{"line":25,"column":1}}},"3":{"name":"(anonymous_9)","decl":{"start":{"line":12,"column":57},"end":{"line":null,"column":-1}},"loc":{"start":{"line":12,"column":57},"end":{"line":25,"column":1}}}},"branchMap":{"0":{"loc":{"start":{"line":13,"column":4},"end":{"line":24,"column":5}},"type":"if","locations":[{"start":{"line":13,"column":4},"end":{"line":24,"column":5}},{"start":{"line":13,"column":4},"end":{"line":24,"column":5}}]}},"s":{"0":1,"1":0,"2":0,"3":1,"4":0,"5":0,"6":0,"7":0},"f":{"0":0,"1":0,"2":0,"3":0},"b":{"0":[0,0]}}
,"/Users/cuongnv/SourceCode/Typescript-Demo/src/controllers/user-controller.ts": {"path":"/Users/cuongnv/SourceCode/Typescript-Demo/src/controllers/user-controller.ts","statementMap":{"0":{"start":{"line":4,"column":0},"end":{"line":4,"column":56}},"1":{"start":{"line":5,"column":0},"end":{"line":5,"column":50}},"2":{"start":{"line":6,"column":0},"end":{"line":6,"column":39}},"3":{"start":{"line":7,"column":0},"end":{"line":7,"column":34}},"4":{"start":{"line":8,"column":0},"end":{"line":8,"column":27}},"5":{"start":{"line":15,"column":11},"end":{"line":64,"column":2}},"6":{"start":{"line":15,"column":60},"end":{"line":64,"column":1}},"7":{"start":{"line":16,"column":2},"end":{"line":16,"column":31}},"8":{"start":{"line":18,"column":26},"end":{"line":18,"column":40}},"9":{"start":{"line":19,"column":15},"end":{"line":19,"column":31}},"10":{"start":{"line":20,"column":2},"end":{"line":20,"column":38}},"11":{"start":{"line":21,"column":2},"end":{"line":21,"column":36}},"12":{"start":{"line":22,"column":2},"end":{"line":22,"column":30}},"13":{"start":{"line":23,"column":2},"end":{"line":23,"column":27}},"14":{"start":{"line":25,"column":2},"end":{"line":63,"column":5}},"15":{"start":{"line":26,"column":4},"end":{"line":35,"column":5}},"16":{"start":{"line":27,"column":6},"end":{"line":34,"column":9}},"17":{"start":{"line":36,"column":4},"end":{"line":62,"column":7}},"18":{"start":{"line":37,"column":6},"end":{"line":46,"column":7}},"19":{"start":{"line":38,"column":8},"end":{"line":45,"column":11}},"20":{"start":{"line":47,"column":6},"end":{"line":47,"column":27}},"21":{"start":{"line":48,"column":6},"end":{"line":61,"column":10}},"22":{"start":{"line":49,"column":8},"end":{"line":53,"column":11}},"23":{"start":{"line":54,"column":24},"end":{"line":61,"column":8}},"24":{"start":{"line":66,"column":11},"end":{"line":80,"column":2}},"25":{"start":{"line":66,"column":63},"end":{"line":80,"column":1}},"26":{"start":{"line":67,"column":16},"end":{"line":67,"column":41}},"27":{"start":{"line":69,"column":2},"end":{"line":69,"column":33}},"28":{"start":{"line":71,"column":2},"end":{"line":79,"column":5}},"29":{"start":{"line":72,"column":4},"end":{"line":78,"column":7}},"30":{"start":{"line":82,"column":11},"end":{"line":128,"column":2}},"31":{"start":{"line":82,"column":57},"end":{"line":128,"column":1}},"32":{"start":{"line":83,"column":16},"end":{"line":83,"column":41}},"33":{"start":{"line":84,"column":2},"end":{"line":84,"column":24}},"34":{"start":{"line":86,"column":15},"end":{"line":86,"column":61}},"35":{"start":{"line":87,"column":2},"end":{"line":127,"column":3}},"36":{"start":{"line":88,"column":4},"end":{"line":94,"column":7}},"37":{"start":{"line":96,"column":4},"end":{"line":126,"column":7}},"38":{"start":{"line":97,"column":6},"end":{"line":106,"column":7}},"39":{"start":{"line":98,"column":8},"end":{"line":105,"column":11}},"40":{"start":{"line":108,"column":6},"end":{"line":116,"column":7}},"41":{"start":{"line":109,"column":8},"end":{"line":115,"column":11}},"42":{"start":{"line":118,"column":23},"end":{"line":118,"column":47}},"43":{"start":{"line":119,"column":6},"end":{"line":125,"column":9}},"44":{"start":{"line":130,"column":11},"end":{"line":144,"column":2}},"45":{"start":{"line":130,"column":62},"end":{"line":144,"column":1}},"46":{"start":{"line":131,"column":26},"end":{"line":131,"column":40}},"47":{"start":{"line":133,"column":2},"end":{"line":133,"column":33}},"48":{"start":{"line":134,"column":2},"end":{"line":143,"column":3}},"49":{"start":{"line":135,"column":4},"end":{"line":138,"column":7}},"50":{"start":{"line":136,"column":6},"end":{"line":136,"column":40}},"51":{"start":{"line":137,"column":6},"end":{"line":137,"column":23}},"52":{"start":{"line":140,"column":4},"end":{"line":142,"column":7}},"53":{"start":{"line":147,"column":11},"end":{"line":148,"column":2}},"54":{"start":{"line":147,"column":59},"end":{"line":148,"column":1}}},"fnMap":{"0":{"name":"(anonymous_8)","decl":{"start":{"line":15,"column":22},"end":{"line":15,"column":29}},"loc":{"start":{"line":15,"column":60},"end":{"line":64,"column":1}}},"1":{"name":"(anonymous_9)","decl":{"start":{"line":15,"column":60},"end":{"line":null,"column":-1}},"loc":{"start":{"line":15,"column":60},"end":{"line":64,"column":1}}},"2":{"name":"(anonymous_10)","decl":{"start":{"line":25,"column":21},"end":{"line":25,"column":22}},"loc":{"start":{"line":25,"column":35},"end":{"line":63,"column":3}}},"3":{"name":"(anonymous_11)","decl":{"start":{"line":36,"column":48},"end":{"line":36,"column":49}},"loc":{"start":{"line":36,"column":62},"end":{"line":62,"column":5}}},"4":{"name":"(anonymous_12)","decl":{"start":{"line":48,"column":34},"end":{"line":48,"column":35}},"loc":{"start":{"line":48,"column":40},"end":{"line":54,"column":7}}},"5":{"name":"(anonymous_13)","decl":{"start":{"line":54,"column":15},"end":{"line":54,"column":19}},"loc":{"start":{"line":54,"column":24},"end":{"line":61,"column":8}}},"6":{"name":"(anonymous_14)","decl":{"start":{"line":66,"column":25},"end":{"line":66,"column":32}},"loc":{"start":{"line":66,"column":63},"end":{"line":80,"column":1}}},"7":{"name":"(anonymous_15)","decl":{"start":{"line":66,"column":63},"end":{"line":null,"column":-1}},"loc":{"start":{"line":66,"column":63},"end":{"line":80,"column":1}}},"8":{"name":"(anonymous_16)","decl":{"start":{"line":71,"column":20},"end":{"line":71,"column":21}},"loc":{"start":{"line":71,"column":36},"end":{"line":79,"column":3}}},"9":{"name":"(anonymous_17)","decl":{"start":{"line":82,"column":19},"end":{"line":82,"column":26}},"loc":{"start":{"line":82,"column":57},"end":{"line":128,"column":1}}},"10":{"name":"(anonymous_18)","decl":{"start":{"line":82,"column":57},"end":{"line":null,"column":-1}},"loc":{"start":{"line":82,"column":57},"end":{"line":128,"column":1}}},"11":{"name":"(anonymous_19)","decl":{"start":{"line":96,"column":53},"end":{"line":96,"column":54}},"loc":{"start":{"line":96,"column":72},"end":{"line":126,"column":5}}},"12":{"name":"(anonymous_20)","decl":{"start":{"line":130,"column":24},"end":{"line":130,"column":31}},"loc":{"start":{"line":130,"column":62},"end":{"line":144,"column":1}}},"13":{"name":"(anonymous_21)","decl":{"start":{"line":130,"column":62},"end":{"line":null,"column":-1}},"loc":{"start":{"line":130,"column":62},"end":{"line":144,"column":1}}},"14":{"name":"(anonymous_22)","decl":{"start":{"line":135,"column":43},"end":{"line":135,"column":44}},"loc":{"start":{"line":135,"column":59},"end":{"line":138,"column":5}}},"15":{"name":"(anonymous_23)","decl":{"start":{"line":147,"column":21},"end":{"line":147,"column":28}},"loc":{"start":{"line":147,"column":59},"end":{"line":148,"column":1}}},"16":{"name":"(anonymous_24)","decl":{"start":{"line":147,"column":59},"end":{"line":null,"column":-1}},"loc":{"start":{"line":147,"column":59},"end":{"line":148,"column":1}}}},"branchMap":{"0":{"loc":{"start":{"line":26,"column":4},"end":{"line":35,"column":5}},"type":"if","locations":[{"start":{"line":26,"column":4},"end":{"line":35,"column":5}},{"start":{"line":26,"column":4},"end":{"line":35,"column":5}}]},"1":{"loc":{"start":{"line":37,"column":6},"end":{"line":46,"column":7}},"type":"if","locations":[{"start":{"line":37,"column":6},"end":{"line":46,"column":7}},{"start":{"line":37,"column":6},"end":{"line":46,"column":7}}]},"2":{"loc":{"start":{"line":87,"column":2},"end":{"line":127,"column":3}},"type":"if","locations":[{"start":{"line":87,"column":2},"end":{"line":127,"column":3}},{"start":{"line":87,"column":2},"end":{"line":127,"column":3}}]},"3":{"loc":{"start":{"line":97,"column":6},"end":{"line":106,"column":7}},"type":"if","locations":[{"start":{"line":97,"column":6},"end":{"line":106,"column":7}},{"start":{"line":97,"column":6},"end":{"line":106,"column":7}}]},"4":{"loc":{"start":{"line":108,"column":6},"end":{"line":116,"column":7}},"type":"if","locations":[{"start":{"line":108,"column":6},"end":{"line":116,"column":7}},{"start":{"line":108,"column":6},"end":{"line":116,"column":7}}]},"5":{"loc":{"start":{"line":134,"column":2},"end":{"line":143,"column":3}},"type":"if","locations":[{"start":{"line":134,"column":2},"end":{"line":143,"column":3}},{"start":{"line":134,"column":2},"end":{"line":143,"column":3}}]}},"s":{"0":1,"1":1,"2":1,"3":1,"4":1,"5":1,"6":1,"7":1,"8":1,"9":1,"10":1,"11":1,"12":1,"13":1,"14":1,"15":1,"16":0,"17":1,"18":1,"19":0,"20":1,"21":1,"22":0,"23":0,"24":1,"25":0,"26":0,"27":0,"28":0,"29":0,"30":1,"31":0,"32":0,"33":0,"34":0,"35":0,"36":0,"37":0,"38":0,"39":0,"40":0,"41":0,"42":0,"43":0,"44":1,"45":0,"46":0,"47":0,"48":0,"49":0,"50":0,"51":0,"52":0,"53":1,"54":0},"f":{"0":1,"1":1,"2":1,"3":1,"4":0,"5":0,"6":0,"7":0,"8":0,"9":0,"10":0,"11":0,"12":0,"13":0,"14":0,"15":0,"16":0},"b":{"0":[0,1],"1":[0,1],"2":[0,0],"3":[0,0],"4":[0,0],"5":[0,0]}}
,"/Users/cuongnv/SourceCode/Typescript-Demo/src/entity/company-entity.ts": {"path":"/Users/cuongnv/SourceCode/Typescript-Demo/src/entity/company-entity.ts","statementMap":{"0":{"start":{"line":1,"column":0},"end":{"line":1,"column":86}},"1":{"start":{"line":2,"column":0},"end":{"line":2,"column":42}},"2":{"start":{"line":5,"column":0},"end":{"line":25,"column":1}},"3":{"start":{"line":7,"column":4},"end":{"line":7,"column":22}},"4":{"start":{"line":12,"column":4},"end":{"line":12,"column":18}},"5":{"start":{"line":16,"column":4},"end":{"line":16,"column":17}},"6":{"start":{"line":21,"column":4},"end":{"line":21,"column":24}},"7":{"start":{"line":24,"column":4},"end":{"line":24,"column":22}},"8":{"start":{"line":23,"column":23},"end":{"line":23,"column":33}},"9":{"start":{"line":23,"column":43},"end":{"line":23,"column":57}},"10":{"start":{"line":5,"column":13},"end":{"line":25,"column":1}},"11":{"start":{"line":5,"column":13},"end":{"line":5,"column":26}}},"fnMap":{"0":{"name":"(anonymous_2)","decl":{"start":{"line":23,"column":15},"end":{"line":23,"column":18}},"loc":{"start":{"line":23,"column":23},"end":{"line":23,"column":33}}},"1":{"name":"(anonymous_3)","decl":{"start":{"line":23,"column":35},"end":{"line":23,"column":38}},"loc":{"start":{"line":23,"column":43},"end":{"line":23,"column":57}}}},"branchMap":{"0":{"loc":{"start":{"line":24,"column":21},"end":{"line":null,"column":-1}},"type":"binary-expr","locations":[{"start":{"line":24,"column":21},"end":{"line":null,"column":-1}},{"start":{"line":24,"column":21},"end":{"line":null,"column":-1}}]},"1":{"loc":{"start":{"line":24,"column":11},"end":{"line":24,"column":21}},"type":"binary-expr","locations":[{"start":{"line":24,"column":11},"end":{"line":24,"column":21}}]}},"s":{"0":1,"1":1,"2":1,"3":1,"4":1,"5":1,"6":1,"7":1,"8":0,"9":0,"10":1,"11":1},"f":{"0":0,"1":0},"b":{"0":[0,1],"1":[0]}}
,"/Users/cuongnv/SourceCode/Typescript-Demo/src/entity/user-entity.ts": {"path":"/Users/cuongnv/SourceCode/Typescript-Demo/src/entity/user-entity.ts","statementMap":{"0":{"start":{"line":1,"column":0},"end":{"line":1,"column":86}},"1":{"start":{"line":2,"column":0},"end":{"line":2,"column":48}},"2":{"start":{"line":4,"column":0},"end":{"line":28,"column":1}},"3":{"start":{"line":6,"column":4},"end":{"line":6,"column":19}},"4":{"start":{"line":8,"column":4},"end":{"line":8,"column":31}},"5":{"start":{"line":7,"column":23},"end":{"line":7,"column":36}},"6":{"start":{"line":7,"column":49},"end":{"line":7,"column":62}},"7":{"start":{"line":12,"column":4},"end":{"line":12,"column":22}},"8":{"start":{"line":17,"column":4},"end":{"line":17,"column":21}},"9":{"start":{"line":22,"column":4},"end":{"line":22,"column":18}},"10":{"start":{"line":27,"column":4},"end":{"line":27,"column":21}},"11":{"start":{"line":4,"column":13},"end":{"line":28,"column":1}},"12":{"start":{"line":4,"column":13},"end":{"line":4,"column":23}}},"fnMap":{"0":{"name":"(anonymous_2)","decl":{"start":{"line":7,"column":15},"end":{"line":7,"column":18}},"loc":{"start":{"line":7,"column":23},"end":{"line":7,"column":36}}},"1":{"name":"(anonymous_3)","decl":{"start":{"line":7,"column":38},"end":{"line":7,"column":44}},"loc":{"start":{"line":7,"column":49},"end":{"line":7,"column":62}}}},"branchMap":{},"s":{"0":1,"1":1,"2":1,"3":1,"4":1,"5":0,"6":0,"7":1,"8":1,"9":1,"10":1,"11":1,"12":1},"f":{"0":0,"1":0},"b":{}}
,"/Users/cuongnv/SourceCode/Typescript-Demo/src/repository/user-repository.ts": {"path":"/Users/cuongnv/SourceCode/Typescript-Demo/src/repository/user-repository.ts","statementMap":{"0":{"start":{"line":1,"column":0},"end":{"line":1,"column":50}},"1":{"start":{"line":2,"column":0},"end":{"line":2,"column":36}},"2":{"start":{"line":8,"column":8},"end":{"line":8,"column":61}},"3":{"start":{"line":12,"column":8},"end":{"line":12,"column":65}},"4":{"start":{"line":16,"column":8},"end":{"line":16,"column":68}},"5":{"start":{"line":20,"column":8},"end":{"line":20,"column":65}},"6":{"start":{"line":5,"column":0},"end":{"line":22,"column":1}}},"fnMap":{"0":{"name":"(anonymous_0)","decl":{"start":{"line":6,"column":4},"end":{"line":6,"column":14}},"loc":{"start":{"line":6,"column":15},"end":{"line":9,"column":5}}},"1":{"name":"(anonymous_1)","decl":{"start":{"line":11,"column":4},"end":{"line":11,"column":13}},"loc":{"start":{"line":11,"column":31},"end":{"line":13,"column":5}}},"2":{"name":"(anonymous_2)","decl":{"start":{"line":15,"column":4},"end":{"line":15,"column":10}},"loc":{"start":{"line":15,"column":28},"end":{"line":17,"column":5}}},"3":{"name":"(anonymous_3)","decl":{"start":{"line":19,"column":4},"end":{"line":19,"column":13}},"loc":{"start":{"line":19,"column":25},"end":{"line":21,"column":5}}}},"branchMap":{},"s":{"0":1,"1":1,"2":0,"3":1,"4":0,"5":0,"6":1},"f":{"0":0,"1":1,"2":0,"3":0},"b":{}}
,"/Users/cuongnv/SourceCode/Typescript-Demo/src/route/api-route.ts": {"path":"/Users/cuongnv/SourceCode/Typescript-Demo/src/route/api-route.ts","statementMap":{"0":{"start":{"line":1,"column":0},"end":{"line":1,"column":47}},"1":{"start":{"line":2,"column":15},"end":{"line":2,"column":31}},"2":{"start":{"line":7,"column":0},"end":{"line":7,"column":64}},"3":{"start":{"line":8,"column":0},"end":{"line":8,"column":72}},"4":{"start":{"line":9,"column":0},"end":{"line":9,"column":65}},"5":{"start":{"line":13,"column":0},"end":{"line":13,"column":56}},"6":{"start":{"line":13,"column":30},"end":{"line":13,"column":54}},"7":{"start":{"line":14,"column":0},"end":{"line":14,"column":50}},"8":{"start":{"line":15,"column":0},"end":{"line":33,"column":25}},"9":{"start":{"line":19,"column":17},"end":{"line":19,"column":38}},"10":{"start":{"line":20,"column":2},"end":{"line":32,"column":3}},"11":{"start":{"line":21,"column":4},"end":{"line":21,"column":34}},"12":{"start":{"line":22,"column":4},"end":{"line":22,"column":11}},"13":{"start":{"line":24,"column":4},"end":{"line":31,"column":7}},"14":{"start":{"line":34,"column":0},"end":{"line":34,"column":55}},"15":{"start":{"line":35,"column":0},"end":{"line":35,"column":54}},"16":{"start":{"line":36,"column":0},"end":{"line":36,"column":48}},"17":{"start":{"line":39,"column":0},"end":{"line":39,"column":47}},"18":{"start":{"line":40,"column":0},"end":{"line":40,"column":47}},"19":{"start":{"line":42,"column":0},"end":{"line":42,"column":22}}},"fnMap":{"0":{"name":"(anonymous_2)","decl":{"start":{"line":13,"column":16},"end":{"line":13,"column":17}},"loc":{"start":{"line":13,"column":30},"end":{"line":13,"column":54}}},"1":{"name":"(anonymous_3)","decl":{"start":{"line":18,"column":3},"end":{"line":18,"column":4}},"loc":{"start":{"line":18,"column":46},"end":{"line":33,"column":1}}}},"branchMap":{},"s":{"0":1,"1":1,"2":1,"3":1,"4":1,"5":1,"6":1,"7":1,"8":1,"9":0,"10":0,"11":0,"12":0,"13":0,"14":1,"15":1,"16":1,"17":1,"18":1,"19":1},"f":{"0":1,"1":0},"b":{}}
}
