TN:
SF:/Users/cuongnv/SourceCode/Typescript-Demo/dist/entity/company-entity.js
FN:2,(anonymous_0)
FN:8,(anonymous_1)
FN:39,(anonymous_2)
FN:39,(anonymous_3)
FNF:4
FNH:4
FNDA:6,(anonymous_0)
FNDA:5,(anonymous_1)
FNDA:1,(anonymous_2)
FNDA:1,(anonymous_3)
DA:2,1
DA:3,6
DA:4,6
DA:5,0
DA:6,6
DA:8,1
DA:9,5
DA:11,1
DA:12,1
DA:13,1
DA:14,1
DA:16,1
DA:20,1
DA:26,1
DA:32,1
DA:38,1
DA:39,1
DA:42,1
DA:45,1
LF:19
LH:18
BRDA:2,0,0,1
BRDA:2,0,1,1
BRDA:2,0,2,1
BRDA:3,1,0,1
BRDA:3,1,1,5
BRDA:3,2,0,0
BRDA:3,2,1,5
BRDA:4,3,0,6
BRDA:4,3,1,0
BRDA:4,4,0,6
BRDA:4,4,1,6
BRDA:5,5,0,0
BRDA:5,5,1,0
BRDA:5,6,0,0
BRDA:5,6,1,0
BRDA:5,7,0,0
BRDA:5,7,1,0
BRDA:5,8,0,0
BRDA:5,8,1,0
BRDA:6,9,0,6
BRDA:6,9,1,5
BRDA:6,9,2,0
BRDA:8,10,0,1
BRDA:8,10,1,1
BRDA:8,10,2,1
BRDA:9,11,0,5
BRDA:9,11,1,0
BRDA:9,12,0,5
BRDA:9,12,1,5
BRF:29
BRH:17
end_of_record
TN:
SF:/Users/cuongnv/SourceCode/Typescript-Demo/dist/entity/user-entity.js
FN:2,(anonymous_0)
FN:8,(anonymous_1)
FN:21,(anonymous_2)
FN:21,(anonymous_3)
FNF:4
FNH:4
FNDA:7,(anonymous_0)
FNDA:6,(anonymous_1)
FNDA:1,(anonymous_2)
FNDA:1,(anonymous_3)
DA:2,1
DA:3,7
DA:4,7
DA:5,0
DA:6,7
DA:8,1
DA:9,6
DA:11,1
DA:12,1
DA:13,1
DA:14,1
DA:16,1
DA:20,1
DA:21,1
DA:24,1
DA:30,1
DA:36,1
DA:42,1
DA:48,1
DA:51,1
LF:20
LH:19
BRDA:2,0,0,1
BRDA:2,0,1,1
BRDA:2,0,2,1
BRDA:3,1,0,1
BRDA:3,1,1,6
BRDA:3,2,0,0
BRDA:3,2,1,6
BRDA:4,3,0,7
BRDA:4,3,1,0
BRDA:4,4,0,7
BRDA:4,4,1,7
BRDA:5,5,0,0
BRDA:5,5,1,0
BRDA:5,6,0,0
BRDA:5,6,1,0
BRDA:5,7,0,0
BRDA:5,7,1,0
BRDA:5,8,0,0
BRDA:5,8,1,0
BRDA:6,9,0,7
BRDA:6,9,1,6
BRDA:6,9,2,0
BRDA:8,10,0,1
BRDA:8,10,1,1
BRDA:8,10,2,1
BRDA:9,11,0,6
BRDA:9,11,1,0
BRDA:9,12,0,6
BRDA:9,12,1,6
BRF:29
BRH:17
end_of_record
TN:
SF:/Users/cuongnv/SourceCode/Typescript-Demo/src/app.ts
FN:25,(anonymous_8)
FN:52,(anonymous_9)
FN:59,(anonymous_10)
FN:59,(anonymous_11)
FN:61,(anonymous_12)
FNF:5
FNH:1
FNDA:0,(anonymous_8)
FNDA:1,(anonymous_9)
FNDA:0,(anonymous_10)
FNDA:0,(anonymous_11)
FNDA:0,(anonymous_12)
DA:1,1
DA:3,1
DA:5,1
DA:6,1
DA:7,1
DA:8,1
DA:9,1
DA:13,1
DA:18,1
DA:21,1
DA:26,0
DA:33,1
DA:34,1
DA:36,1
DA:37,1
DA:42,1
DA:47,1
DA:52,1
DA:53,1
DA:54,1
DA:59,1
DA:60,0
DA:61,0
DA:71,1
LF:24
LH:21
BRDA:47,0,0,1
BRDA:47,0,1,0
BRF:2
BRH:1
end_of_record
TN:
SF:/Users/cuongnv/SourceCode/Typescript-Demo/src/controllers/frontend-controller.ts
FN:5,(anonymous_6)
FN:5,(anonymous_7)
FN:12,(anonymous_8)
FN:12,(anonymous_9)
FNF:4
FNH:0
FNDA:0,(anonymous_6)
FNDA:0,(anonymous_7)
FNDA:0,(anonymous_8)
FNDA:0,(anonymous_9)
DA:5,1
DA:6,0
DA:12,1
DA:13,0
DA:14,0
DA:20,0
LF:6
LH:2
BRDA:13,0,0,0
BRDA:13,0,1,0
BRF:2
BRH:0
end_of_record
TN:
SF:/Users/cuongnv/SourceCode/Typescript-Demo/src/controllers/user-controller.ts
FN:15,(anonymous_8)
FN:15,(anonymous_9)
FN:25,(anonymous_10)
FN:36,(anonymous_11)
FN:48,(anonymous_12)
FN:54,(anonymous_13)
FN:66,(anonymous_14)
FN:66,(anonymous_15)
FN:71,(anonymous_16)
FN:82,(anonymous_17)
FN:82,(anonymous_18)
FN:96,(anonymous_19)
FN:130,(anonymous_20)
FN:130,(anonymous_21)
FN:135,(anonymous_22)
FN:147,(anonymous_23)
FN:147,(anonymous_24)
FNF:17
FNH:4
FNDA:1,(anonymous_8)
FNDA:1,(anonymous_9)
FNDA:1,(anonymous_10)
FNDA:1,(anonymous_11)
FNDA:0,(anonymous_12)
FNDA:0,(anonymous_13)
FNDA:0,(anonymous_14)
FNDA:0,(anonymous_15)
FNDA:0,(anonymous_16)
FNDA:0,(anonymous_17)
FNDA:0,(anonymous_18)
FNDA:0,(anonymous_19)
FNDA:0,(anonymous_20)
FNDA:0,(anonymous_21)
FNDA:0,(anonymous_22)
FNDA:0,(anonymous_23)
FNDA:0,(anonymous_24)
DA:4,1
DA:5,1
DA:6,1
DA:7,1
DA:8,1
DA:15,1
DA:16,1
DA:18,1
DA:19,1
DA:20,1
DA:21,1
DA:22,1
DA:23,1
DA:25,1
DA:26,1
DA:27,0
DA:36,1
DA:37,1
DA:38,0
DA:47,1
DA:48,1
DA:49,0
DA:54,0
DA:66,1
DA:67,0
DA:69,0
DA:71,0
DA:72,0
DA:82,1
DA:83,0
DA:84,0
DA:86,0
DA:87,0
DA:88,0
DA:96,0
DA:97,0
DA:98,0
DA:108,0
DA:109,0
DA:118,0
DA:119,0
DA:130,1
DA:131,0
DA:133,0
DA:134,0
DA:135,0
DA:136,0
DA:137,0
DA:140,0
DA:147,1
LF:50
LH:23
BRDA:26,0,0,0
BRDA:26,0,1,1
BRDA:37,1,0,0
BRDA:37,1,1,1
BRDA:87,2,0,0
BRDA:87,2,1,0
BRDA:97,3,0,0
BRDA:97,3,1,0
BRDA:108,4,0,0
BRDA:108,4,1,0
BRDA:134,5,0,0
BRDA:134,5,1,0
BRF:12
BRH:2
end_of_record
TN:
SF:/Users/cuongnv/SourceCode/Typescript-Demo/src/entity/company-entity.ts
FN:23,(anonymous_2)
FN:23,(anonymous_3)
FNF:2
FNH:0
FNDA:0,(anonymous_2)
FNDA:0,(anonymous_3)
DA:1,1
DA:2,1
DA:5,1
DA:7,1
DA:12,1
DA:16,1
DA:21,1
DA:23,0
DA:24,1
LF:9
LH:8
BRDA:24,0,0,0
BRDA:24,0,1,1
BRDA:24,1,0,0
BRF:3
BRH:1
end_of_record
TN:
SF:/Users/cuongnv/SourceCode/Typescript-Demo/src/entity/user-entity.ts
FN:7,(anonymous_2)
FN:7,(anonymous_3)
FNF:2
FNH:0
FNDA:0,(anonymous_2)
FNDA:0,(anonymous_3)
DA:1,1
DA:2,1
DA:4,1
DA:6,1
DA:7,0
DA:8,1
DA:12,1
DA:17,1
DA:22,1
DA:27,1
LF:10
LH:9
BRF:0
BRH:0
end_of_record
TN:
SF:/Users/cuongnv/SourceCode/Typescript-Demo/src/repository/user-repository.ts
FN:6,(anonymous_0)
FN:11,(anonymous_1)
FN:15,(anonymous_2)
FN:19,(anonymous_3)
FNF:4
FNH:1
FNDA:0,(anonymous_0)
FNDA:1,(anonymous_1)
FNDA:0,(anonymous_2)
FNDA:0,(anonymous_3)
DA:1,1
DA:2,1
DA:5,1
DA:8,0
DA:12,1
DA:16,0
DA:20,0
LF:7
LH:4
BRF:0
BRH:0
end_of_record
TN:
SF:/Users/cuongnv/SourceCode/Typescript-Demo/src/route/api-route.ts
FN:13,(anonymous_2)
FN:18,(anonymous_3)
FNF:2
FNH:1
FNDA:1,(anonymous_2)
FNDA:0,(anonymous_3)
DA:1,1
DA:2,1
DA:7,1
DA:8,1
DA:9,1
DA:13,1
DA:14,1
DA:15,1
DA:19,0
DA:20,0
DA:21,0
DA:22,0
DA:24,0
DA:34,1
DA:35,1
DA:36,1
DA:39,1
DA:40,1
DA:42,1
LF:19
LH:14
BRF:0
BRH:0
end_of_record
